<?xml version="1.0" encoding="UTF-8"?>
<testng-results skipped="0" failed="0" ignored="0" total="1" passed="1">
  <reporter-output>
  </reporter-output>
  <suite name="Suite" duration-ms="21453" started-at="2020-05-05T16:04:18 EDT" finished-at="2020-05-05T16:04:39 EDT">
    <groups>
    </groups>
    <test name="Test" duration-ms="21453" started-at="2020-05-05T16:04:18 EDT" finished-at="2020-05-05T16:04:39 EDT">
      <class name="testcase.TDDAddCorporatePageTest">
        <test-method status="PASS" signature="setUp()[pri:0, instance:testcase.TDDAddCorporatePageTest@7e0b0338]" name="setUp" is-config="true" duration-ms="19675" started-at="2020-05-05T16:04:18 EDT" finished-at="2020-05-05T16:04:38 EDT">
          <reporter-output>
          </reporter-output>
        </test-method> <!-- setUp -->
        <test-method status="PASS" signature="check()[pri:0, instance:testcase.TDDAddCorporatePageTest@7e0b0338]" name="check" duration-ms="4" started-at="2020-05-05T16:04:38 EDT" finished-at="2020-05-05T16:04:38 EDT">
          <reporter-output>
          </reporter-output>
        </test-method> <!-- check -->
      </class> <!-- testcase.TDDAddCorporatePageTest -->
    </test> <!-- Test -->
  </suite> <!-- Suite -->
</testng-results>
